ADM/ADM_Guard.inc
ADM/StreamerFunction.inc
ADM/BitFunctions.inc
ADM/RGB.inc
ADM/3DTryg.inc
ADM/LY.inc
ADM/DINI.inc
ADM/MD5.inc
ADM/SHA256.inc
ADM/ADM.inc
ADM/DataConvert.inc
ADM/EVF.inc
ADM/Logs.inc
ADM/ATM.inc
ADM/FoxForeach.inc
ADM/vnpc.inc
ADM/SOI.inc
ADM/Zones.inc
ADM/SWAP.inc
ADM/route_rand.inc
engine/EngineV6.inc
engine/EngineX.inc
engine/Knife.inc
engine/Magic.inc
engine/Mines.inc
engine/Missile.inc
engine/VehicleMissileCol.inc
engine/VehPara.inc
engine/PortalGun.inc
engine/Stingers.inc
engine/Hunting.inc
event/Fireworks.inc
event/Lottery.inc
event/Santa.inc